2023-05-04T12:44:15+00:00 ERR (3): 
Mage_Core_Exception: Invalid block type: Mage_Adminhtml_Block_Adminhtml_Vendor_Grid in C:\xampp\htdocs\2023\magento\magento-mirror\app\Mage.php:598
Stack trace:
#0 C:\xampp\htdocs\2023\magento\magento-mirror\app\code\core\Mage\Core\Model\Layout.php(495): Mage::throwException('Invalid block t...')
#1 C:\xampp\htdocs\2023\magento\magento-mirror\app\code\core\Mage\Core\Model\Layout.php(437): Mage_Core_Model_Layout->_getBlockInstance('Mage_Adminhtml_...', Array)
#2 C:\xampp\htdocs\2023\magento\magento-mirror\app\code\core\Mage\Adminhtml\Block\Widget\Grid\Container.php(66): Mage_Core_Model_Layout->createBlock('adminhtml/admin...', 'adminhtml_vendo...')
#3 C:\xampp\htdocs\2023\magento\magento-mirror\app\code\core\Mage\Core\Block\Abstract.php(297): Mage_Adminhtml_Block_Widget_Grid_Container->_prepareLayout()
#4 C:\xampp\htdocs\2023\magento\magento-mirror\app\code\core\Mage\Core\Model\Layout.php(456): Mage_Core_Block_Abstract->setLayout(Object(Mage_Core_Model_Layout))
#5 C:\xampp\htdocs\2023\magento\magento-mirror\app\code\local\Ccc\Vendor\controllers\Adminhtml\VendorController.php(25): Mage_Core_Model_Layout->createBlock('vendor/adminhtm...')
#6 C:\xampp\htdocs\2023\magento\magento-mirror\app\code\core\Mage\Core\Controller\Varien\Action.php(418): Ccc_Vendor_Adminhtml_VendorController->indexAction()
#7 C:\xampp\htdocs\2023\magento\magento-mirror\app\code\core\Mage\Core\Controller\Varien\Router\Standard.php(254): Mage_Core_Controller_Varien_Action->dispatch('index')
#8 C:\xampp\htdocs\2023\magento\magento-mirror\app\code\core\Mage\Core\Controller\Varien\Front.php(172): Mage_Core_Controller_Varien_Router_Standard->match(Object(Mage_Core_Controller_Request_Http))
#9 C:\xampp\htdocs\2023\magento\magento-mirror\app\code\core\Mage\Core\Model\App.php(381): Mage_Core_Controller_Varien_Front->dispatch()
#10 C:\xampp\htdocs\2023\magento\magento-mirror\app\Mage.php(686): Mage_Core_Model_App->run(Array)
#11 C:\xampp\htdocs\2023\magento\magento-mirror\index.php(83): Mage::run('', 'store')
#12 {main}
2023-05-04T12:44:37+00:00 ERR (3): 
Varien_Exception: Invalid method Ccc_Vendor_Block_Adminhtml_Vendor::_isAllowedAction(Array
(
    [0] => save
)
) in C:\xampp\htdocs\2023\magento\magento-mirror\lib\Varien\Object.php:653
Stack trace:
#0 C:\xampp\htdocs\2023\magento\magento-mirror\app\code\local\Ccc\Vendor\Block\Adminhtml\Vendor.php(48): Varien_Object->__call('_isAllowedActio...', Array)
#1 C:\xampp\htdocs\2023\magento\magento-mirror\app\code\core\Mage\Core\Model\Layout.php(491): Ccc_Vendor_Block_Adminhtml_Vendor->__construct(Array)
#2 C:\xampp\htdocs\2023\magento\magento-mirror\app\code\core\Mage\Core\Model\Layout.php(437): Mage_Core_Model_Layout->_getBlockInstance('Ccc_Vendor_Bloc...', Array)
#3 C:\xampp\htdocs\2023\magento\magento-mirror\app\code\local\Ccc\Vendor\controllers\Adminhtml\VendorController.php(25): Mage_Core_Model_Layout->createBlock('vendor/adminhtm...')
#4 C:\xampp\htdocs\2023\magento\magento-mirror\app\code\core\Mage\Core\Controller\Varien\Action.php(418): Ccc_Vendor_Adminhtml_VendorController->indexAction()
#5 C:\xampp\htdocs\2023\magento\magento-mirror\app\code\core\Mage\Core\Controller\Varien\Router\Standard.php(254): Mage_Core_Controller_Varien_Action->dispatch('index')
#6 C:\xampp\htdocs\2023\magento\magento-mirror\app\code\core\Mage\Core\Controller\Varien\Front.php(172): Mage_Core_Controller_Varien_Router_Standard->match(Object(Mage_Core_Controller_Request_Http))
#7 C:\xampp\htdocs\2023\magento\magento-mirror\app\code\core\Mage\Core\Model\App.php(381): Mage_Core_Controller_Varien_Front->dispatch()
#8 C:\xampp\htdocs\2023\magento\magento-mirror\app\Mage.php(686): Mage_Core_Model_App->run(Array)
#9 C:\xampp\htdocs\2023\magento\magento-mirror\index.php(83): Mage::run('', 'store')
#10 {main}
2023-05-04T12:45:37+00:00 ERR (3): 
Varien_Exception: Invalid method Ccc_Vendor_Block_Adminhtml_Vendor::_isAllowedAction(Array
(
    [0] => save
)
) in C:\xampp\htdocs\2023\magento\magento-mirror\lib\Varien\Object.php:653
Stack trace:
#0 C:\xampp\htdocs\2023\magento\magento-mirror\app\code\local\Ccc\Vendor\Block\Adminhtml\Vendor.php(48): Varien_Object->__call('_isAllowedActio...', Array)
#1 C:\xampp\htdocs\2023\magento\magento-mirror\app\code\core\Mage\Core\Model\Layout.php(491): Ccc_Vendor_Block_Adminhtml_Vendor->__construct(Array)
#2 C:\xampp\htdocs\2023\magento\magento-mirror\app\code\core\Mage\Core\Model\Layout.php(437): Mage_Core_Model_Layout->_getBlockInstance('Ccc_Vendor_Bloc...', Array)
#3 C:\xampp\htdocs\2023\magento\magento-mirror\app\code\local\Ccc\Vendor\controllers\Adminhtml\VendorController.php(25): Mage_Core_Model_Layout->createBlock('vendor/adminhtm...')
#4 C:\xampp\htdocs\2023\magento\magento-mirror\app\code\core\Mage\Core\Controller\Varien\Action.php(418): Ccc_Vendor_Adminhtml_VendorController->indexAction()
#5 C:\xampp\htdocs\2023\magento\magento-mirror\app\code\core\Mage\Core\Controller\Varien\Router\Standard.php(254): Mage_Core_Controller_Varien_Action->dispatch('index')
#6 C:\xampp\htdocs\2023\magento\magento-mirror\app\code\core\Mage\Core\Controller\Varien\Front.php(172): Mage_Core_Controller_Varien_Router_Standard->match(Object(Mage_Core_Controller_Request_Http))
#7 C:\xampp\htdocs\2023\magento\magento-mirror\app\code\core\Mage\Core\Model\App.php(381): Mage_Core_Controller_Varien_Front->dispatch()
#8 C:\xampp\htdocs\2023\magento\magento-mirror\app\Mage.php(686): Mage_Core_Model_App->run(Array)
#9 C:\xampp\htdocs\2023\magento\magento-mirror\index.php(83): Mage::run('', 'store')
#10 {main}
2023-05-04T12:48:48+00:00 ERR (3): 
Varien_Exception: Invalid method Ccc_Vendor_Block_Adminhtml_Vendor::_isAllowedAction(Array
(
    [0] => save
)
) in C:\xampp\htdocs\2023\magento\magento-mirror\lib\Varien\Object.php:653
Stack trace:
#0 C:\xampp\htdocs\2023\magento\magento-mirror\app\code\local\Ccc\Vendor\Block\Adminhtml\Vendor.php(48): Varien_Object->__call('_isAllowedActio...', Array)
#1 C:\xampp\htdocs\2023\magento\magento-mirror\app\code\core\Mage\Core\Model\Layout.php(491): Ccc_Vendor_Block_Adminhtml_Vendor->__construct(Array)
#2 C:\xampp\htdocs\2023\magento\magento-mirror\app\code\core\Mage\Core\Model\Layout.php(437): Mage_Core_Model_Layout->_getBlockInstance('Ccc_Vendor_Bloc...', Array)
#3 C:\xampp\htdocs\2023\magento\magento-mirror\app\code\local\Ccc\Vendor\controllers\Adminhtml\VendorController.php(26): Mage_Core_Model_Layout->createBlock('vendor/adminhtm...')
#4 C:\xampp\htdocs\2023\magento\magento-mirror\app\code\core\Mage\Core\Controller\Varien\Action.php(418): Ccc_Vendor_Adminhtml_VendorController->indexAction()
#5 C:\xampp\htdocs\2023\magento\magento-mirror\app\code\core\Mage\Core\Controller\Varien\Router\Standard.php(254): Mage_Core_Controller_Varien_Action->dispatch('index')
#6 C:\xampp\htdocs\2023\magento\magento-mirror\app\code\core\Mage\Core\Controller\Varien\Front.php(172): Mage_Core_Controller_Varien_Router_Standard->match(Object(Mage_Core_Controller_Request_Http))
#7 C:\xampp\htdocs\2023\magento\magento-mirror\app\code\core\Mage\Core\Model\App.php(381): Mage_Core_Controller_Varien_Front->dispatch()
#8 C:\xampp\htdocs\2023\magento\magento-mirror\app\Mage.php(686): Mage_Core_Model_App->run(Array)
#9 C:\xampp\htdocs\2023\magento\magento-mirror\index.php(83): Mage::run('', 'store')
#10 {main}
2023-05-04T12:49:06+00:00 ERR (3): 
Varien_Exception: Invalid method Ccc_Vendor_Block_Adminhtml_Vendor::_isAllowedAction(Array
(
    [0] => save
)
) in C:\xampp\htdocs\2023\magento\magento-mirror\lib\Varien\Object.php:653
Stack trace:
#0 C:\xampp\htdocs\2023\magento\magento-mirror\app\code\local\Ccc\Vendor\Block\Adminhtml\Vendor.php(48): Varien_Object->__call('_isAllowedActio...', Array)
#1 C:\xampp\htdocs\2023\magento\magento-mirror\app\code\core\Mage\Core\Model\Layout.php(491): Ccc_Vendor_Block_Adminhtml_Vendor->__construct(Array)
#2 C:\xampp\htdocs\2023\magento\magento-mirror\app\code\core\Mage\Core\Model\Layout.php(437): Mage_Core_Model_Layout->_getBlockInstance('Ccc_Vendor_Bloc...', Array)
#3 C:\xampp\htdocs\2023\magento\magento-mirror\app\code\local\Ccc\Vendor\controllers\Adminhtml\VendorController.php(26): Mage_Core_Model_Layout->createBlock('vendor/adminhtm...')
#4 C:\xampp\htdocs\2023\magento\magento-mirror\app\code\core\Mage\Core\Controller\Varien\Action.php(418): Ccc_Vendor_Adminhtml_VendorController->indexAction()
#5 C:\xampp\htdocs\2023\magento\magento-mirror\app\code\core\Mage\Core\Controller\Varien\Router\Standard.php(254): Mage_Core_Controller_Varien_Action->dispatch('index')
#6 C:\xampp\htdocs\2023\magento\magento-mirror\app\code\core\Mage\Core\Controller\Varien\Front.php(172): Mage_Core_Controller_Varien_Router_Standard->match(Object(Mage_Core_Controller_Request_Http))
#7 C:\xampp\htdocs\2023\magento\magento-mirror\app\code\core\Mage\Core\Model\App.php(381): Mage_Core_Controller_Varien_Front->dispatch()
#8 C:\xampp\htdocs\2023\magento\magento-mirror\app\Mage.php(686): Mage_Core_Model_App->run(Array)
#9 C:\xampp\htdocs\2023\magento\magento-mirror\index.php(83): Mage::run('', 'store')
#10 {main}
2023-05-04T12:49:18+00:00 ERR (3): 
Varien_Exception: Invalid method Ccc_Vendor_Block_Adminhtml_Vendor::_isAllowedAction(Array
(
    [0] => save
)
) in C:\xampp\htdocs\2023\magento\magento-mirror\lib\Varien\Object.php:653
Stack trace:
#0 C:\xampp\htdocs\2023\magento\magento-mirror\app\code\local\Ccc\Vendor\Block\Adminhtml\Vendor.php(48): Varien_Object->__call('_isAllowedActio...', Array)
#1 C:\xampp\htdocs\2023\magento\magento-mirror\app\code\core\Mage\Core\Model\Layout.php(491): Ccc_Vendor_Block_Adminhtml_Vendor->__construct(Array)
#2 C:\xampp\htdocs\2023\magento\magento-mirror\app\code\core\Mage\Core\Model\Layout.php(437): Mage_Core_Model_Layout->_getBlockInstance('Ccc_Vendor_Bloc...', Array)
#3 C:\xampp\htdocs\2023\magento\magento-mirror\app\code\local\Ccc\Vendor\controllers\Adminhtml\VendorController.php(26): Mage_Core_Model_Layout->createBlock('vendor/adminhtm...')
#4 C:\xampp\htdocs\2023\magento\magento-mirror\app\code\core\Mage\Core\Controller\Varien\Action.php(418): Ccc_Vendor_Adminhtml_VendorController->indexAction()
#5 C:\xampp\htdocs\2023\magento\magento-mirror\app\code\core\Mage\Core\Controller\Varien\Router\Standard.php(254): Mage_Core_Controller_Varien_Action->dispatch('index')
#6 C:\xampp\htdocs\2023\magento\magento-mirror\app\code\core\Mage\Core\Controller\Varien\Front.php(172): Mage_Core_Controller_Varien_Router_Standard->match(Object(Mage_Core_Controller_Request_Http))
#7 C:\xampp\htdocs\2023\magento\magento-mirror\app\code\core\Mage\Core\Model\App.php(381): Mage_Core_Controller_Varien_Front->dispatch()
#8 C:\xampp\htdocs\2023\magento\magento-mirror\app\Mage.php(686): Mage_Core_Model_App->run(Array)
#9 C:\xampp\htdocs\2023\magento\magento-mirror\index.php(83): Mage::run('', 'store')
#10 {main}
2023-05-04T12:51:26+00:00 ERR (3): 
Varien_Exception: Invalid method Ccc_Vendor_Block_Adminhtml_Vendor::_isAllowedAction(Array
(
    [0] => save
)
) in C:\xampp\htdocs\2023\magento\magento-mirror\lib\Varien\Object.php:653
Stack trace:
#0 C:\xampp\htdocs\2023\magento\magento-mirror\app\code\local\Ccc\Vendor\Block\Adminhtml\Vendor.php(48): Varien_Object->__call('_isAllowedActio...', Array)
#1 C:\xampp\htdocs\2023\magento\magento-mirror\app\code\core\Mage\Core\Model\Layout.php(491): Ccc_Vendor_Block_Adminhtml_Vendor->__construct(Array)
#2 C:\xampp\htdocs\2023\magento\magento-mirror\app\code\core\Mage\Core\Model\Layout.php(437): Mage_Core_Model_Layout->_getBlockInstance('Ccc_Vendor_Bloc...', Array)
#3 C:\xampp\htdocs\2023\magento\magento-mirror\app\code\local\Ccc\Vendor\controllers\Adminhtml\VendorController.php(26): Mage_Core_Model_Layout->createBlock('Ccc_Vendor_Bloc...')
#4 C:\xampp\htdocs\2023\magento\magento-mirror\app\code\core\Mage\Core\Controller\Varien\Action.php(418): Ccc_Vendor_Adminhtml_VendorController->indexAction()
#5 C:\xampp\htdocs\2023\magento\magento-mirror\app\code\core\Mage\Core\Controller\Varien\Router\Standard.php(254): Mage_Core_Controller_Varien_Action->dispatch('index')
#6 C:\xampp\htdocs\2023\magento\magento-mirror\app\code\core\Mage\Core\Controller\Varien\Front.php(172): Mage_Core_Controller_Varien_Router_Standard->match(Object(Mage_Core_Controller_Request_Http))
#7 C:\xampp\htdocs\2023\magento\magento-mirror\app\code\core\Mage\Core\Model\App.php(381): Mage_Core_Controller_Varien_Front->dispatch()
#8 C:\xampp\htdocs\2023\magento\magento-mirror\app\Mage.php(686): Mage_Core_Model_App->run(Array)
#9 C:\xampp\htdocs\2023\magento\magento-mirror\index.php(83): Mage::run('', 'store')
#10 {main}
2023-05-04T12:52:02+00:00 ERR (3): 
Varien_Exception: Invalid method Ccc_Vendor_Block_Adminhtml_Vendor::_isAllowedAction(Array
(
    [0] => save
)
) in C:\xampp\htdocs\2023\magento\magento-mirror\lib\Varien\Object.php:653
Stack trace:
#0 C:\xampp\htdocs\2023\magento\magento-mirror\app\code\local\Ccc\Vendor\Block\Adminhtml\Vendor.php(48): Varien_Object->__call('_isAllowedActio...', Array)
#1 C:\xampp\htdocs\2023\magento\magento-mirror\app\code\core\Mage\Core\Model\Layout.php(491): Ccc_Vendor_Block_Adminhtml_Vendor->__construct(Array)
#2 C:\xampp\htdocs\2023\magento\magento-mirror\app\code\core\Mage\Core\Model\Layout.php(437): Mage_Core_Model_Layout->_getBlockInstance('Ccc_Vendor_Bloc...', Array)
#3 C:\xampp\htdocs\2023\magento\magento-mirror\app\code\local\Ccc\Vendor\controllers\Adminhtml\VendorController.php(26): Mage_Core_Model_Layout->createBlock('Ccc_Vendor_Bloc...')
#4 C:\xampp\htdocs\2023\magento\magento-mirror\app\code\core\Mage\Core\Controller\Varien\Action.php(418): Ccc_Vendor_Adminhtml_VendorController->indexAction()
#5 C:\xampp\htdocs\2023\magento\magento-mirror\app\code\core\Mage\Core\Controller\Varien\Router\Standard.php(254): Mage_Core_Controller_Varien_Action->dispatch('index')
#6 C:\xampp\htdocs\2023\magento\magento-mirror\app\code\core\Mage\Core\Controller\Varien\Front.php(172): Mage_Core_Controller_Varien_Router_Standard->match(Object(Mage_Core_Controller_Request_Http))
#7 C:\xampp\htdocs\2023\magento\magento-mirror\app\code\core\Mage\Core\Model\App.php(381): Mage_Core_Controller_Varien_Front->dispatch()
#8 C:\xampp\htdocs\2023\magento\magento-mirror\app\Mage.php(686): Mage_Core_Model_App->run(Array)
#9 C:\xampp\htdocs\2023\magento\magento-mirror\index.php(83): Mage::run('', 'store')
#10 {main}
2023-05-04T12:56:09+00:00 ERR (3): 
Mage_Core_Exception: Invalid block type: Mage_Adminhtml_Block_Vendor_Adminhtml_Vendor_Grid in C:\xampp\htdocs\2023\magento\magento-mirror\app\Mage.php:598
Stack trace:
#0 C:\xampp\htdocs\2023\magento\magento-mirror\app\code\core\Mage\Core\Model\Layout.php(495): Mage::throwException('Invalid block t...')
#1 C:\xampp\htdocs\2023\magento\magento-mirror\app\code\core\Mage\Core\Model\Layout.php(437): Mage_Core_Model_Layout->_getBlockInstance('Mage_Adminhtml_...', Array)
#2 C:\xampp\htdocs\2023\magento\magento-mirror\app\code\core\Mage\Adminhtml\Block\Widget\Grid\Container.php(66): Mage_Core_Model_Layout->createBlock('adminhtml/vendo...', 'vendor_adminhtm...')
#3 C:\xampp\htdocs\2023\magento\magento-mirror\app\code\core\Mage\Core\Block\Abstract.php(297): Mage_Adminhtml_Block_Widget_Grid_Container->_prepareLayout()
#4 C:\xampp\htdocs\2023\magento\magento-mirror\app\code\core\Mage\Core\Model\Layout.php(456): Mage_Core_Block_Abstract->setLayout(Object(Mage_Core_Model_Layout))
#5 C:\xampp\htdocs\2023\magento\magento-mirror\app\code\local\Ccc\Vendor\controllers\Adminhtml\VendorController.php(24): Mage_Core_Model_Layout->createBlock('vendor/adminhtm...')
#6 C:\xampp\htdocs\2023\magento\magento-mirror\app\code\core\Mage\Core\Controller\Varien\Action.php(418): Ccc_Vendor_Adminhtml_VendorController->indexAction()
#7 C:\xampp\htdocs\2023\magento\magento-mirror\app\code\core\Mage\Core\Controller\Varien\Router\Standard.php(254): Mage_Core_Controller_Varien_Action->dispatch('index')
#8 C:\xampp\htdocs\2023\magento\magento-mirror\app\code\core\Mage\Core\Controller\Varien\Front.php(172): Mage_Core_Controller_Varien_Router_Standard->match(Object(Mage_Core_Controller_Request_Http))
#9 C:\xampp\htdocs\2023\magento\magento-mirror\app\code\core\Mage\Core\Model\App.php(381): Mage_Core_Controller_Varien_Front->dispatch()
#10 C:\xampp\htdocs\2023\magento\magento-mirror\app\Mage.php(686): Mage_Core_Model_App->run(Array)
#11 C:\xampp\htdocs\2023\magento\magento-mirror\index.php(83): Mage::run('', 'store')
#12 {main}
2023-05-04T13:01:17+00:00 ERR (3): 
Mage_Core_Exception: Invalid block type: Mage_Adminhtml_Block_Vendor_Adminhtml_Vendor_Grid in C:\xampp\htdocs\2023\magento\magento-mirror\app\Mage.php:598
Stack trace:
#0 C:\xampp\htdocs\2023\magento\magento-mirror\app\code\core\Mage\Core\Model\Layout.php(495): Mage::throwException('Invalid block t...')
#1 C:\xampp\htdocs\2023\magento\magento-mirror\app\code\core\Mage\Core\Model\Layout.php(437): Mage_Core_Model_Layout->_getBlockInstance('Mage_Adminhtml_...', Array)
#2 C:\xampp\htdocs\2023\magento\magento-mirror\app\code\core\Mage\Adminhtml\Block\Widget\Grid\Container.php(66): Mage_Core_Model_Layout->createBlock('adminhtml/vendo...', 'vendor_adminhtm...')
#3 C:\xampp\htdocs\2023\magento\magento-mirror\app\code\core\Mage\Core\Block\Abstract.php(297): Mage_Adminhtml_Block_Widget_Grid_Container->_prepareLayout()
#4 C:\xampp\htdocs\2023\magento\magento-mirror\app\code\core\Mage\Core\Model\Layout.php(456): Mage_Core_Block_Abstract->setLayout(Object(Mage_Core_Model_Layout))
#5 C:\xampp\htdocs\2023\magento\magento-mirror\app\code\local\Ccc\Vendor\controllers\Adminhtml\VendorController.php(24): Mage_Core_Model_Layout->createBlock('vendor/adminhtm...')
#6 C:\xampp\htdocs\2023\magento\magento-mirror\app\code\core\Mage\Core\Controller\Varien\Action.php(418): Ccc_Vendor_Adminhtml_VendorController->indexAction()
#7 C:\xampp\htdocs\2023\magento\magento-mirror\app\code\core\Mage\Core\Controller\Varien\Router\Standard.php(254): Mage_Core_Controller_Varien_Action->dispatch('index')
#8 C:\xampp\htdocs\2023\magento\magento-mirror\app\code\core\Mage\Core\Controller\Varien\Front.php(172): Mage_Core_Controller_Varien_Router_Standard->match(Object(Mage_Core_Controller_Request_Http))
#9 C:\xampp\htdocs\2023\magento\magento-mirror\app\code\core\Mage\Core\Model\App.php(381): Mage_Core_Controller_Varien_Front->dispatch()
#10 C:\xampp\htdocs\2023\magento\magento-mirror\app\Mage.php(686): Mage_Core_Model_App->run(Array)
#11 C:\xampp\htdocs\2023\magento\magento-mirror\index.php(83): Mage::run('', 'store')
#12 {main}
2023-05-04T13:01:21+00:00 ERR (3): 
Mage_Core_Exception: Invalid block type: Mage_Adminhtml_Block_Vendor_Adminhtml_Vendor_Grid in C:\xampp\htdocs\2023\magento\magento-mirror\app\Mage.php:598
Stack trace:
#0 C:\xampp\htdocs\2023\magento\magento-mirror\app\code\core\Mage\Core\Model\Layout.php(495): Mage::throwException('Invalid block t...')
#1 C:\xampp\htdocs\2023\magento\magento-mirror\app\code\core\Mage\Core\Model\Layout.php(437): Mage_Core_Model_Layout->_getBlockInstance('Mage_Adminhtml_...', Array)
#2 C:\xampp\htdocs\2023\magento\magento-mirror\app\code\core\Mage\Adminhtml\Block\Widget\Grid\Container.php(66): Mage_Core_Model_Layout->createBlock('adminhtml/vendo...', 'vendor_adminhtm...')
#3 C:\xampp\htdocs\2023\magento\magento-mirror\app\code\core\Mage\Core\Block\Abstract.php(297): Mage_Adminhtml_Block_Widget_Grid_Container->_prepareLayout()
#4 C:\xampp\htdocs\2023\magento\magento-mirror\app\code\core\Mage\Core\Model\Layout.php(456): Mage_Core_Block_Abstract->setLayout(Object(Mage_Core_Model_Layout))
#5 C:\xampp\htdocs\2023\magento\magento-mirror\app\code\local\Ccc\Vendor\controllers\Adminhtml\VendorController.php(24): Mage_Core_Model_Layout->createBlock('vendor/adminhtm...')
#6 C:\xampp\htdocs\2023\magento\magento-mirror\app\code\core\Mage\Core\Controller\Varien\Action.php(418): Ccc_Vendor_Adminhtml_VendorController->indexAction()
#7 C:\xampp\htdocs\2023\magento\magento-mirror\app\code\core\Mage\Core\Controller\Varien\Router\Standard.php(254): Mage_Core_Controller_Varien_Action->dispatch('index')
#8 C:\xampp\htdocs\2023\magento\magento-mirror\app\code\core\Mage\Core\Controller\Varien\Front.php(172): Mage_Core_Controller_Varien_Router_Standard->match(Object(Mage_Core_Controller_Request_Http))
#9 C:\xampp\htdocs\2023\magento\magento-mirror\app\code\core\Mage\Core\Model\App.php(381): Mage_Core_Controller_Varien_Front->dispatch()
#10 C:\xampp\htdocs\2023\magento\magento-mirror\app\Mage.php(686): Mage_Core_Model_App->run(Array)
#11 C:\xampp\htdocs\2023\magento\magento-mirror\index.php(83): Mage::run('', 'store')
#12 {main}
