2023-05-05T10:49:33+00:00 ERR (3): Warning: simplexml_load_string(): Entity: line 1: parser error : XML declaration allowed only at the start of the document  in C:\xampp\htdocs\2023\magento\magento-mirror\lib\Varien\Simplexml\Config.php on line 510
2023-05-05T10:49:33+00:00 ERR (3): Warning: simplexml_load_string():     &lt;\?xml version=&quot;1.0&quot;\?&gt;  in C:\xampp\htdocs\2023\magento\magento-mirror\lib\Varien\Simplexml\Config.php on line 510
2023-05-05T10:49:33+00:00 ERR (3): Warning: simplexml_load_string():          ^  in C:\xampp\htdocs\2023\magento\magento-mirror\lib\Varien\Simplexml\Config.php on line 510
2023-05-05T10:50:44+00:00 ERR (3): Warning: simplexml_load_string(): Entity: line 1: parser error : XML declaration allowed only at the start of the document  in C:\xampp\htdocs\2023\magento\magento-mirror\lib\Varien\Simplexml\Config.php on line 510
2023-05-05T10:50:44+00:00 ERR (3): Warning: simplexml_load_string():     &lt;\?xml version=&quot;1.0&quot;\?&gt;  in C:\xampp\htdocs\2023\magento\magento-mirror\lib\Varien\Simplexml\Config.php on line 510
2023-05-05T10:50:44+00:00 ERR (3): Warning: simplexml_load_string():          ^  in C:\xampp\htdocs\2023\magento\magento-mirror\lib\Varien\Simplexml\Config.php on line 510
2023-05-05T10:50:49+00:00 ERR (3): Warning: simplexml_load_string(): Entity: line 1: parser error : XML declaration allowed only at the start of the document  in C:\xampp\htdocs\2023\magento\magento-mirror\lib\Varien\Simplexml\Config.php on line 510
2023-05-05T10:50:49+00:00 ERR (3): Warning: simplexml_load_string():     &lt;\?xml version=&quot;1.0&quot;\?&gt;  in C:\xampp\htdocs\2023\magento\magento-mirror\lib\Varien\Simplexml\Config.php on line 510
2023-05-05T10:50:49+00:00 ERR (3): Warning: simplexml_load_string():          ^  in C:\xampp\htdocs\2023\magento\magento-mirror\lib\Varien\Simplexml\Config.php on line 510
2023-05-05T10:51:18+00:00 ERR (3): Warning: simplexml_load_string(): Entity: line 1: parser error : XML declaration allowed only at the start of the document  in C:\xampp\htdocs\2023\magento\magento-mirror\lib\Varien\Simplexml\Config.php on line 510
2023-05-05T10:51:18+00:00 ERR (3): Warning: simplexml_load_string():     &lt;\?xml version=&quot;1.0&quot;\?&gt;  in C:\xampp\htdocs\2023\magento\magento-mirror\lib\Varien\Simplexml\Config.php on line 510
2023-05-05T10:51:18+00:00 ERR (3): Warning: simplexml_load_string():          ^  in C:\xampp\htdocs\2023\magento\magento-mirror\lib\Varien\Simplexml\Config.php on line 510
2023-05-05T10:51:34+00:00 ERR (3): Warning: simplexml_load_string(): Entity: line 1: parser error : XML declaration allowed only at the start of the document  in C:\xampp\htdocs\2023\magento\magento-mirror\lib\Varien\Simplexml\Config.php on line 510
2023-05-05T10:51:34+00:00 ERR (3): Warning: simplexml_load_string():     &lt;\?xml version=&quot;1.0&quot;\?&gt;  in C:\xampp\htdocs\2023\magento\magento-mirror\lib\Varien\Simplexml\Config.php on line 510
2023-05-05T10:51:34+00:00 ERR (3): Warning: simplexml_load_string():          ^  in C:\xampp\htdocs\2023\magento\magento-mirror\lib\Varien\Simplexml\Config.php on line 510
2023-05-05T10:52:10+00:00 ERR (3): Warning: simplexml_load_string(): Entity: line 1: parser error : XML declaration allowed only at the start of the document  in C:\xampp\htdocs\2023\magento\magento-mirror\lib\Varien\Simplexml\Config.php on line 510
2023-05-05T10:52:10+00:00 ERR (3): Warning: simplexml_load_string():     &lt;\?xml version=&quot;1.0&quot;\?&gt;  in C:\xampp\htdocs\2023\magento\magento-mirror\lib\Varien\Simplexml\Config.php on line 510
2023-05-05T10:52:10+00:00 ERR (3): Warning: simplexml_load_string():          ^  in C:\xampp\htdocs\2023\magento\magento-mirror\lib\Varien\Simplexml\Config.php on line 510
2023-05-05T11:03:52+00:00 ERR (3): Warning: simplexml_load_string(): Entity: line 1: parser error : XML declaration allowed only at the start of the document  in C:\xampp\htdocs\2023\magento\magento-mirror\lib\Varien\Simplexml\Config.php on line 510
2023-05-05T11:03:52+00:00 ERR (3): Warning: simplexml_load_string():     &lt;\?xml version=&quot;1.0&quot;\?&gt;  in C:\xampp\htdocs\2023\magento\magento-mirror\lib\Varien\Simplexml\Config.php on line 510
2023-05-05T11:03:52+00:00 ERR (3): Warning: simplexml_load_string():          ^  in C:\xampp\htdocs\2023\magento\magento-mirror\lib\Varien\Simplexml\Config.php on line 510
2023-05-06T02:57:01+00:00 ERR (3): Warning: simplexml_load_string(): Entity: line 1: parser error : XML declaration allowed only at the start of the document  in C:\xampp\htdocs\2023\magento\magento-mirror\lib\Varien\Simplexml\Config.php on line 510
2023-05-06T02:57:01+00:00 ERR (3): Warning: simplexml_load_string():     &lt;\?xml version=&quot;1.0&quot;\?&gt;  in C:\xampp\htdocs\2023\magento\magento-mirror\lib\Varien\Simplexml\Config.php on line 510
2023-05-06T02:57:01+00:00 ERR (3): Warning: simplexml_load_string():          ^  in C:\xampp\htdocs\2023\magento\magento-mirror\lib\Varien\Simplexml\Config.php on line 510
2023-05-06T02:57:18+00:00 ERR (3): Warning: simplexml_load_string(): Entity: line 1: parser error : XML declaration allowed only at the start of the document  in C:\xampp\htdocs\2023\magento\magento-mirror\lib\Varien\Simplexml\Config.php on line 510
2023-05-06T02:57:18+00:00 ERR (3): Warning: simplexml_load_string():     &lt;\?xml version=&quot;1.0&quot;\?&gt;  in C:\xampp\htdocs\2023\magento\magento-mirror\lib\Varien\Simplexml\Config.php on line 510
2023-05-06T02:57:18+00:00 ERR (3): Warning: simplexml_load_string():          ^  in C:\xampp\htdocs\2023\magento\magento-mirror\lib\Varien\Simplexml\Config.php on line 510
2023-05-09T04:25:01+00:00 ERR (3): Warning: simplexml_load_string(): Entity: line 1: parser error : XML declaration allowed only at the start of the document  in C:\xampp\htdocs\2023\magento\magento-mirror\lib\Varien\Simplexml\Config.php on line 510
2023-05-09T04:25:01+00:00 ERR (3): Warning: simplexml_load_string():     &lt;\?xml version=&quot;1.0&quot;\?&gt;  in C:\xampp\htdocs\2023\magento\magento-mirror\lib\Varien\Simplexml\Config.php on line 510
2023-05-09T04:25:01+00:00 ERR (3): Warning: simplexml_load_string():          ^  in C:\xampp\htdocs\2023\magento\magento-mirror\lib\Varien\Simplexml\Config.php on line 510
2023-05-09T04:25:10+00:00 ERR (3): Warning: simplexml_load_string(): Entity: line 1: parser error : XML declaration allowed only at the start of the document  in C:\xampp\htdocs\2023\magento\magento-mirror\lib\Varien\Simplexml\Config.php on line 510
2023-05-09T04:25:10+00:00 ERR (3): Warning: simplexml_load_string():     &lt;\?xml version=&quot;1.0&quot;\?&gt;  in C:\xampp\htdocs\2023\magento\magento-mirror\lib\Varien\Simplexml\Config.php on line 510
2023-05-09T04:25:10+00:00 ERR (3): Warning: simplexml_load_string():          ^  in C:\xampp\htdocs\2023\magento\magento-mirror\lib\Varien\Simplexml\Config.php on line 510
2023-05-09T04:34:04+00:00 ERR (3): Warning: simplexml_load_string(): Entity: line 1: parser error : XML declaration allowed only at the start of the document  in C:\xampp\htdocs\2023\magento\magento-mirror\lib\Varien\Simplexml\Config.php on line 510
2023-05-09T04:34:04+00:00 ERR (3): Warning: simplexml_load_string():     &lt;\?xml version=&quot;1.0&quot;\?&gt;  in C:\xampp\htdocs\2023\magento\magento-mirror\lib\Varien\Simplexml\Config.php on line 510
2023-05-09T04:34:04+00:00 ERR (3): Warning: simplexml_load_string():          ^  in C:\xampp\htdocs\2023\magento\magento-mirror\lib\Varien\Simplexml\Config.php on line 510
2023-05-09T04:34:09+00:00 ERR (3): Warning: simplexml_load_string(): Entity: line 1: parser error : XML declaration allowed only at the start of the document  in C:\xampp\htdocs\2023\magento\magento-mirror\lib\Varien\Simplexml\Config.php on line 510
2023-05-09T04:34:09+00:00 ERR (3): Warning: simplexml_load_string():     &lt;\?xml version=&quot;1.0&quot;\?&gt;  in C:\xampp\htdocs\2023\magento\magento-mirror\lib\Varien\Simplexml\Config.php on line 510
2023-05-09T04:34:09+00:00 ERR (3): Warning: simplexml_load_string():          ^  in C:\xampp\htdocs\2023\magento\magento-mirror\lib\Varien\Simplexml\Config.php on line 510
2023-05-09T04:34:28+00:00 ERR (3): Warning: simplexml_load_string(): Entity: line 1: parser error : XML declaration allowed only at the start of the document  in C:\xampp\htdocs\2023\magento\magento-mirror\lib\Varien\Simplexml\Config.php on line 510
2023-05-09T04:34:28+00:00 ERR (3): Warning: simplexml_load_string():     &lt;\?xml version=&quot;1.0&quot;\?&gt;  in C:\xampp\htdocs\2023\magento\magento-mirror\lib\Varien\Simplexml\Config.php on line 510
2023-05-09T04:34:28+00:00 ERR (3): Warning: simplexml_load_string():          ^  in C:\xampp\htdocs\2023\magento\magento-mirror\lib\Varien\Simplexml\Config.php on line 510
2023-05-09T04:35:09+00:00 ERR (3): Notice: Undefined variable: data  in C:\xampp\htdocs\2023\magento\magento-mirror\app\code\local\Ccc\Vendor\controllers\Adminhtml\VendorController.php on line 125
2023-05-09T04:35:10+00:00 ERR (3): Warning: simplexml_load_string(): Entity: line 1: parser error : XML declaration allowed only at the start of the document  in C:\xampp\htdocs\2023\magento\magento-mirror\lib\Varien\Simplexml\Config.php on line 510
2023-05-09T04:35:10+00:00 ERR (3): Warning: simplexml_load_string():     &lt;\?xml version=&quot;1.0&quot;\?&gt;  in C:\xampp\htdocs\2023\magento\magento-mirror\lib\Varien\Simplexml\Config.php on line 510
2023-05-09T04:35:10+00:00 ERR (3): Warning: simplexml_load_string():          ^  in C:\xampp\htdocs\2023\magento\magento-mirror\lib\Varien\Simplexml\Config.php on line 510
2023-05-09T04:35:21+00:00 ERR (3): Notice: Undefined variable: data  in C:\xampp\htdocs\2023\magento\magento-mirror\app\code\local\Ccc\Vendor\controllers\Adminhtml\VendorController.php on line 125
2023-05-09T04:35:21+00:00 ERR (3): Warning: simplexml_load_string(): Entity: line 1: parser error : XML declaration allowed only at the start of the document  in C:\xampp\htdocs\2023\magento\magento-mirror\lib\Varien\Simplexml\Config.php on line 510
2023-05-09T04:35:21+00:00 ERR (3): Warning: simplexml_load_string():     &lt;\?xml version=&quot;1.0&quot;\?&gt;  in C:\xampp\htdocs\2023\magento\magento-mirror\lib\Varien\Simplexml\Config.php on line 510
2023-05-09T04:35:21+00:00 ERR (3): Warning: simplexml_load_string():          ^  in C:\xampp\htdocs\2023\magento\magento-mirror\lib\Varien\Simplexml\Config.php on line 510
2023-05-09T04:45:01+00:00 ERR (3): Warning: simplexml_load_string(): Entity: line 1: parser error : XML declaration allowed only at the start of the document  in C:\xampp\htdocs\2023\magento\magento-mirror\lib\Varien\Simplexml\Config.php on line 510
2023-05-09T04:45:01+00:00 ERR (3): Warning: simplexml_load_string():     &lt;\?xml version=&quot;1.0&quot;\?&gt;  in C:\xampp\htdocs\2023\magento\magento-mirror\lib\Varien\Simplexml\Config.php on line 510
2023-05-09T04:45:01+00:00 ERR (3): Warning: simplexml_load_string():          ^  in C:\xampp\htdocs\2023\magento\magento-mirror\lib\Varien\Simplexml\Config.php on line 510
2023-05-09T04:48:17+00:00 ERR (3): Warning: simplexml_load_string(): Entity: line 1: parser error : XML declaration allowed only at the start of the document  in C:\xampp\htdocs\2023\magento\magento-mirror\lib\Varien\Simplexml\Config.php on line 510
2023-05-09T04:48:17+00:00 ERR (3): Warning: simplexml_load_string():     &lt;\?xml version=&quot;1.0&quot;\?&gt;  in C:\xampp\htdocs\2023\magento\magento-mirror\lib\Varien\Simplexml\Config.php on line 510
2023-05-09T04:48:17+00:00 ERR (3): Warning: simplexml_load_string():          ^  in C:\xampp\htdocs\2023\magento\magento-mirror\lib\Varien\Simplexml\Config.php on line 510
2023-05-09T04:51:38+00:00 ERR (3): Warning: simplexml_load_string(): Entity: line 1: parser error : XML declaration allowed only at the start of the document  in C:\xampp\htdocs\2023\magento\magento-mirror\lib\Varien\Simplexml\Config.php on line 510
2023-05-09T04:51:38+00:00 ERR (3): Warning: simplexml_load_string():     &lt;\?xml version=&quot;1.0&quot;\?&gt;  in C:\xampp\htdocs\2023\magento\magento-mirror\lib\Varien\Simplexml\Config.php on line 510
2023-05-09T04:51:38+00:00 ERR (3): Warning: simplexml_load_string():          ^  in C:\xampp\htdocs\2023\magento\magento-mirror\lib\Varien\Simplexml\Config.php on line 510
2023-05-09T04:52:01+00:00 ERR (3): Warning: simplexml_load_string(): Entity: line 1: parser error : XML declaration allowed only at the start of the document  in C:\xampp\htdocs\2023\magento\magento-mirror\lib\Varien\Simplexml\Config.php on line 510
2023-05-09T04:52:01+00:00 ERR (3): Warning: simplexml_load_string():     &lt;\?xml version=&quot;1.0&quot;\?&gt;  in C:\xampp\htdocs\2023\magento\magento-mirror\lib\Varien\Simplexml\Config.php on line 510
2023-05-09T04:52:01+00:00 ERR (3): Warning: simplexml_load_string():          ^  in C:\xampp\htdocs\2023\magento\magento-mirror\lib\Varien\Simplexml\Config.php on line 510
2023-05-09T04:54:11+00:00 ERR (3): Warning: simplexml_load_string(): Entity: line 1: parser error : XML declaration allowed only at the start of the document  in C:\xampp\htdocs\2023\magento\magento-mirror\lib\Varien\Simplexml\Config.php on line 510
2023-05-09T04:54:11+00:00 ERR (3): Warning: simplexml_load_string():     &lt;\?xml version=&quot;1.0&quot;\?&gt;  in C:\xampp\htdocs\2023\magento\magento-mirror\lib\Varien\Simplexml\Config.php on line 510
2023-05-09T04:54:11+00:00 ERR (3): Warning: simplexml_load_string():          ^  in C:\xampp\htdocs\2023\magento\magento-mirror\lib\Varien\Simplexml\Config.php on line 510
2023-05-09T04:54:11+00:00 DEBUG (7): HEADERS ALREADY SENT: \<pre>[0] C:\xampp\htdocs\2023\magento\magento-mirror\app\code\core\Mage\Core\Controller\Response\Http.php:52
[1] C:\xampp\htdocs\2023\magento\magento-mirror\lib\Zend\Controller\Response\Abstract.php:768
[2] C:\xampp\htdocs\2023\magento\magento-mirror\app\code\core\Mage\Core\Controller\Response\Http.php:84
[3] C:\xampp\htdocs\2023\magento\magento-mirror\app\code\core\Mage\Core\Controller\Varien\Front.php:184
[4] C:\xampp\htdocs\2023\magento\magento-mirror\app\code\core\Mage\Core\Model\App.php:381
[5] C:\xampp\htdocs\2023\magento\magento-mirror\app\Mage.php:686
[6] C:\xampp\htdocs\2023\magento\magento-mirror\index.php:83
\</pre>
2023-05-09T04:54:26+00:00 ERR (3): Warning: simplexml_load_string(): Entity: line 1: parser error : XML declaration allowed only at the start of the document  in C:\xampp\htdocs\2023\magento\magento-mirror\lib\Varien\Simplexml\Config.php on line 510
2023-05-09T04:54:26+00:00 ERR (3): Warning: simplexml_load_string():     &lt;\?xml version=&quot;1.0&quot;\?&gt;  in C:\xampp\htdocs\2023\magento\magento-mirror\lib\Varien\Simplexml\Config.php on line 510
2023-05-09T04:54:26+00:00 ERR (3): Warning: simplexml_load_string():          ^  in C:\xampp\htdocs\2023\magento\magento-mirror\lib\Varien\Simplexml\Config.php on line 510
2023-05-09T04:56:50+00:00 ERR (3): Warning: simplexml_load_string(): Entity: line 1: parser error : XML declaration allowed only at the start of the document  in C:\xampp\htdocs\2023\magento\magento-mirror\lib\Varien\Simplexml\Config.php on line 510
2023-05-09T04:56:50+00:00 ERR (3): Warning: simplexml_load_string():     &lt;\?xml version=&quot;1.0&quot;\?&gt;  in C:\xampp\htdocs\2023\magento\magento-mirror\lib\Varien\Simplexml\Config.php on line 510
2023-05-09T04:56:50+00:00 ERR (3): Warning: simplexml_load_string():          ^  in C:\xampp\htdocs\2023\magento\magento-mirror\lib\Varien\Simplexml\Config.php on line 510
2023-05-09T04:56:52+00:00 ERR (3): Warning: simplexml_load_string(): Entity: line 1: parser error : XML declaration allowed only at the start of the document  in C:\xampp\htdocs\2023\magento\magento-mirror\lib\Varien\Simplexml\Config.php on line 510
2023-05-09T04:56:52+00:00 ERR (3): Warning: simplexml_load_string():     &lt;\?xml version=&quot;1.0&quot;\?&gt;  in C:\xampp\htdocs\2023\magento\magento-mirror\lib\Varien\Simplexml\Config.php on line 510
2023-05-09T04:56:52+00:00 ERR (3): Warning: simplexml_load_string():          ^  in C:\xampp\htdocs\2023\magento\magento-mirror\lib\Varien\Simplexml\Config.php on line 510
2023-05-09T04:59:09+00:00 ERR (3): Warning: simplexml_load_string(): Entity: line 1: parser error : XML declaration allowed only at the start of the document  in C:\xampp\htdocs\2023\magento\magento-mirror\lib\Varien\Simplexml\Config.php on line 510
2023-05-09T04:59:09+00:00 ERR (3): Warning: simplexml_load_string():     &lt;\?xml version=&quot;1.0&quot;\?&gt;  in C:\xampp\htdocs\2023\magento\magento-mirror\lib\Varien\Simplexml\Config.php on line 510
2023-05-09T04:59:09+00:00 ERR (3): Warning: simplexml_load_string():          ^  in C:\xampp\htdocs\2023\magento\magento-mirror\lib\Varien\Simplexml\Config.php on line 510
2023-05-09T05:23:45+00:00 ERR (3): Warning: simplexml_load_string(): Entity: line 1: parser error : XML declaration allowed only at the start of the document  in C:\xampp\htdocs\2023\magento\magento-mirror\lib\Varien\Simplexml\Config.php on line 510
2023-05-09T05:23:45+00:00 ERR (3): Warning: simplexml_load_string():     &lt;\?xml version=&quot;1.0&quot;\?&gt;  in C:\xampp\htdocs\2023\magento\magento-mirror\lib\Varien\Simplexml\Config.php on line 510
2023-05-09T05:23:45+00:00 ERR (3): Warning: simplexml_load_string():          ^  in C:\xampp\htdocs\2023\magento\magento-mirror\lib\Varien\Simplexml\Config.php on line 510
2023-05-09T05:23:49+00:00 ERR (3): Warning: simplexml_load_string(): Entity: line 1: parser error : XML declaration allowed only at the start of the document  in C:\xampp\htdocs\2023\magento\magento-mirror\lib\Varien\Simplexml\Config.php on line 510
2023-05-09T05:23:49+00:00 ERR (3): Warning: simplexml_load_string():     &lt;\?xml version=&quot;1.0&quot;\?&gt;  in C:\xampp\htdocs\2023\magento\magento-mirror\lib\Varien\Simplexml\Config.php on line 510
2023-05-09T05:23:49+00:00 ERR (3): Warning: simplexml_load_string():          ^  in C:\xampp\htdocs\2023\magento\magento-mirror\lib\Varien\Simplexml\Config.php on line 510
2023-05-09T05:24:16+00:00 ERR (3): Warning: simplexml_load_string(): Entity: line 1: parser error : XML declaration allowed only at the start of the document  in C:\xampp\htdocs\2023\magento\magento-mirror\lib\Varien\Simplexml\Config.php on line 510
2023-05-09T05:24:16+00:00 ERR (3): Warning: simplexml_load_string():     &lt;\?xml version=&quot;1.0&quot;\?&gt;  in C:\xampp\htdocs\2023\magento\magento-mirror\lib\Varien\Simplexml\Config.php on line 510
2023-05-09T05:24:16+00:00 ERR (3): Warning: simplexml_load_string():          ^  in C:\xampp\htdocs\2023\magento\magento-mirror\lib\Varien\Simplexml\Config.php on line 510
2023-05-09T05:24:35+00:00 ERR (3): Warning: simplexml_load_string(): Entity: line 1: parser error : XML declaration allowed only at the start of the document  in C:\xampp\htdocs\2023\magento\magento-mirror\lib\Varien\Simplexml\Config.php on line 510
2023-05-09T05:24:35+00:00 ERR (3): Warning: simplexml_load_string():     &lt;\?xml version=&quot;1.0&quot;\?&gt;  in C:\xampp\htdocs\2023\magento\magento-mirror\lib\Varien\Simplexml\Config.php on line 510
2023-05-09T05:24:35+00:00 ERR (3): Warning: simplexml_load_string():          ^  in C:\xampp\htdocs\2023\magento\magento-mirror\lib\Varien\Simplexml\Config.php on line 510
2023-05-09T05:27:49+00:00 ERR (3): Warning: simplexml_load_string(): Entity: line 1: parser error : XML declaration allowed only at the start of the document  in C:\xampp\htdocs\2023\magento\magento-mirror\lib\Varien\Simplexml\Config.php on line 510
2023-05-09T05:27:49+00:00 ERR (3): Warning: simplexml_load_string():     &lt;\?xml version=&quot;1.0&quot;\?&gt;  in C:\xampp\htdocs\2023\magento\magento-mirror\lib\Varien\Simplexml\Config.php on line 510
2023-05-09T05:27:49+00:00 ERR (3): Warning: simplexml_load_string():          ^  in C:\xampp\htdocs\2023\magento\magento-mirror\lib\Varien\Simplexml\Config.php on line 510
2023-05-09T05:27:53+00:00 ERR (3): Warning: simplexml_load_string(): Entity: line 1: parser error : XML declaration allowed only at the start of the document  in C:\xampp\htdocs\2023\magento\magento-mirror\lib\Varien\Simplexml\Config.php on line 510
2023-05-09T05:27:53+00:00 ERR (3): Warning: simplexml_load_string():     &lt;\?xml version=&quot;1.0&quot;\?&gt;  in C:\xampp\htdocs\2023\magento\magento-mirror\lib\Varien\Simplexml\Config.php on line 510
2023-05-09T05:27:53+00:00 ERR (3): Warning: simplexml_load_string():          ^  in C:\xampp\htdocs\2023\magento\magento-mirror\lib\Varien\Simplexml\Config.php on line 510
2023-05-09T05:27:57+00:00 ERR (3): Warning: simplexml_load_string(): Entity: line 1: parser error : XML declaration allowed only at the start of the document  in C:\xampp\htdocs\2023\magento\magento-mirror\lib\Varien\Simplexml\Config.php on line 510
2023-05-09T05:27:57+00:00 ERR (3): Warning: simplexml_load_string():     &lt;\?xml version=&quot;1.0&quot;\?&gt;  in C:\xampp\htdocs\2023\magento\magento-mirror\lib\Varien\Simplexml\Config.php on line 510
2023-05-09T05:27:57+00:00 ERR (3): Warning: simplexml_load_string():          ^  in C:\xampp\htdocs\2023\magento\magento-mirror\lib\Varien\Simplexml\Config.php on line 510
2023-05-09T05:28:03+00:00 ERR (3): Warning: simplexml_load_string(): Entity: line 1: parser error : XML declaration allowed only at the start of the document  in C:\xampp\htdocs\2023\magento\magento-mirror\lib\Varien\Simplexml\Config.php on line 510
2023-05-09T05:28:03+00:00 ERR (3): Warning: simplexml_load_string():     &lt;\?xml version=&quot;1.0&quot;\?&gt;  in C:\xampp\htdocs\2023\magento\magento-mirror\lib\Varien\Simplexml\Config.php on line 510
2023-05-09T05:28:03+00:00 ERR (3): Warning: simplexml_load_string():          ^  in C:\xampp\htdocs\2023\magento\magento-mirror\lib\Varien\Simplexml\Config.php on line 510
2023-05-09T05:28:08+00:00 ERR (3): Warning: simplexml_load_string(): Entity: line 1: parser error : XML declaration allowed only at the start of the document  in C:\xampp\htdocs\2023\magento\magento-mirror\lib\Varien\Simplexml\Config.php on line 510
2023-05-09T05:28:08+00:00 ERR (3): Warning: simplexml_load_string():     &lt;\?xml version=&quot;1.0&quot;\?&gt;  in C:\xampp\htdocs\2023\magento\magento-mirror\lib\Varien\Simplexml\Config.php on line 510
2023-05-09T05:28:08+00:00 ERR (3): Warning: simplexml_load_string():          ^  in C:\xampp\htdocs\2023\magento\magento-mirror\lib\Varien\Simplexml\Config.php on line 510
2023-05-09T05:28:15+00:00 ERR (3): Warning: simplexml_load_string(): Entity: line 1: parser error : XML declaration allowed only at the start of the document  in C:\xampp\htdocs\2023\magento\magento-mirror\lib\Varien\Simplexml\Config.php on line 510
2023-05-09T05:28:15+00:00 ERR (3): Warning: simplexml_load_string():     &lt;\?xml version=&quot;1.0&quot;\?&gt;  in C:\xampp\htdocs\2023\magento\magento-mirror\lib\Varien\Simplexml\Config.php on line 510
2023-05-09T05:28:15+00:00 ERR (3): Warning: simplexml_load_string():          ^  in C:\xampp\htdocs\2023\magento\magento-mirror\lib\Varien\Simplexml\Config.php on line 510
2023-05-09T05:28:22+00:00 ERR (3): Warning: simplexml_load_string(): Entity: line 1: parser error : XML declaration allowed only at the start of the document  in C:\xampp\htdocs\2023\magento\magento-mirror\lib\Varien\Simplexml\Config.php on line 510
2023-05-09T05:28:22+00:00 ERR (3): Warning: simplexml_load_string():     &lt;\?xml version=&quot;1.0&quot;\?&gt;  in C:\xampp\htdocs\2023\magento\magento-mirror\lib\Varien\Simplexml\Config.php on line 510
2023-05-09T05:28:22+00:00 ERR (3): Warning: simplexml_load_string():          ^  in C:\xampp\htdocs\2023\magento\magento-mirror\lib\Varien\Simplexml\Config.php on line 510
2023-05-09T05:28:27+00:00 ERR (3): Warning: simplexml_load_string(): Entity: line 1: parser error : XML declaration allowed only at the start of the document  in C:\xampp\htdocs\2023\magento\magento-mirror\lib\Varien\Simplexml\Config.php on line 510
2023-05-09T05:28:27+00:00 ERR (3): Warning: simplexml_load_string():     &lt;\?xml version=&quot;1.0&quot;\?&gt;  in C:\xampp\htdocs\2023\magento\magento-mirror\lib\Varien\Simplexml\Config.php on line 510
2023-05-09T05:28:27+00:00 ERR (3): Warning: simplexml_load_string():          ^  in C:\xampp\htdocs\2023\magento\magento-mirror\lib\Varien\Simplexml\Config.php on line 510
2023-05-09T05:28:30+00:00 ERR (3): Warning: simplexml_load_string(): Entity: line 1: parser error : XML declaration allowed only at the start of the document  in C:\xampp\htdocs\2023\magento\magento-mirror\lib\Varien\Simplexml\Config.php on line 510
2023-05-09T05:28:30+00:00 ERR (3): Warning: simplexml_load_string():     &lt;\?xml version=&quot;1.0&quot;\?&gt;  in C:\xampp\htdocs\2023\magento\magento-mirror\lib\Varien\Simplexml\Config.php on line 510
2023-05-09T05:28:30+00:00 ERR (3): Warning: simplexml_load_string():          ^  in C:\xampp\htdocs\2023\magento\magento-mirror\lib\Varien\Simplexml\Config.php on line 510
2023-05-09T05:28:34+00:00 ERR (3): Warning: simplexml_load_string(): Entity: line 1: parser error : XML declaration allowed only at the start of the document  in C:\xampp\htdocs\2023\magento\magento-mirror\lib\Varien\Simplexml\Config.php on line 510
2023-05-09T05:28:34+00:00 ERR (3): Warning: simplexml_load_string():     &lt;\?xml version=&quot;1.0&quot;\?&gt;  in C:\xampp\htdocs\2023\magento\magento-mirror\lib\Varien\Simplexml\Config.php on line 510
2023-05-09T05:28:34+00:00 ERR (3): Warning: simplexml_load_string():          ^  in C:\xampp\htdocs\2023\magento\magento-mirror\lib\Varien\Simplexml\Config.php on line 510
2023-05-09T05:28:36+00:00 ERR (3): Warning: simplexml_load_string(): Entity: line 1: parser error : XML declaration allowed only at the start of the document  in C:\xampp\htdocs\2023\magento\magento-mirror\lib\Varien\Simplexml\Config.php on line 510
2023-05-09T05:28:36+00:00 ERR (3): Warning: simplexml_load_string():     &lt;\?xml version=&quot;1.0&quot;\?&gt;  in C:\xampp\htdocs\2023\magento\magento-mirror\lib\Varien\Simplexml\Config.php on line 510
2023-05-09T05:28:36+00:00 ERR (3): Warning: simplexml_load_string():          ^  in C:\xampp\htdocs\2023\magento\magento-mirror\lib\Varien\Simplexml\Config.php on line 510
2023-05-09T05:28:40+00:00 ERR (3): Warning: simplexml_load_string(): Entity: line 1: parser error : XML declaration allowed only at the start of the document  in C:\xampp\htdocs\2023\magento\magento-mirror\lib\Varien\Simplexml\Config.php on line 510
2023-05-09T05:28:40+00:00 ERR (3): Warning: simplexml_load_string():     &lt;\?xml version=&quot;1.0&quot;\?&gt;  in C:\xampp\htdocs\2023\magento\magento-mirror\lib\Varien\Simplexml\Config.php on line 510
2023-05-09T05:28:40+00:00 ERR (3): Warning: simplexml_load_string():          ^  in C:\xampp\htdocs\2023\magento\magento-mirror\lib\Varien\Simplexml\Config.php on line 510
2023-05-09T05:28:51+00:00 ERR (3): Warning: simplexml_load_string(): Entity: line 1: parser error : XML declaration allowed only at the start of the document  in C:\xampp\htdocs\2023\magento\magento-mirror\lib\Varien\Simplexml\Config.php on line 510
2023-05-09T05:28:51+00:00 ERR (3): Warning: simplexml_load_string():     &lt;\?xml version=&quot;1.0&quot;\?&gt;  in C:\xampp\htdocs\2023\magento\magento-mirror\lib\Varien\Simplexml\Config.php on line 510
2023-05-09T05:28:51+00:00 ERR (3): Warning: simplexml_load_string():          ^  in C:\xampp\htdocs\2023\magento\magento-mirror\lib\Varien\Simplexml\Config.php on line 510
2023-05-09T05:29:06+00:00 ERR (3): Warning: simplexml_load_string(): Entity: line 1: parser error : XML declaration allowed only at the start of the document  in C:\xampp\htdocs\2023\magento\magento-mirror\lib\Varien\Simplexml\Config.php on line 510
2023-05-09T05:29:06+00:00 ERR (3): Warning: simplexml_load_string():     &lt;\?xml version=&quot;1.0&quot;\?&gt;  in C:\xampp\htdocs\2023\magento\magento-mirror\lib\Varien\Simplexml\Config.php on line 510
2023-05-09T05:29:06+00:00 ERR (3): Warning: simplexml_load_string():          ^  in C:\xampp\htdocs\2023\magento\magento-mirror\lib\Varien\Simplexml\Config.php on line 510
2023-05-09T05:29:21+00:00 ERR (3): Warning: simplexml_load_string(): Entity: line 1: parser error : XML declaration allowed only at the start of the document  in C:\xampp\htdocs\2023\magento\magento-mirror\lib\Varien\Simplexml\Config.php on line 510
2023-05-09T05:29:21+00:00 ERR (3): Warning: simplexml_load_string():     &lt;\?xml version=&quot;1.0&quot;\?&gt;  in C:\xampp\htdocs\2023\magento\magento-mirror\lib\Varien\Simplexml\Config.php on line 510
2023-05-09T05:29:21+00:00 ERR (3): Warning: simplexml_load_string():          ^  in C:\xampp\htdocs\2023\magento\magento-mirror\lib\Varien\Simplexml\Config.php on line 510
